{"name": "test_login_parallel[0]", "status": "broken", "statusDetails": {"message": "selenium.common.exceptions.NoSuchElementException: Message: no such element: Unable to locate element: {\"method\":\"css selector\",\"selector\":\"[id=\"username\"]\"}\n  (Session info: chrome=136.0.7103.114); For documentation on this error, please visit: https://www.selenium.dev/documentation/webdriver/troubleshooting/errors#no-such-element-exception\nStacktrace:\n\tGetHandleVerifier [0x00007FF6EB13CF45+75717]\n\tGetHandleVerifier [0x00007FF6EB13CFA0+75808]\n\t(No symbol) [0x00007FF6EAF08F9A]\n\t(No symbol) [0x00007FF6EAF5F4C6]\n\t(No symbol) [0x00007FF6EAF5F77C]\n\t(No symbol) [0x00007FF6EAFB2577]\n\t(No symbol) [0x00007FF6EAF873BF]\n\t(No symbol) [0x00007FF6EAFAF39C]\n\t(No symbol) [0x00007FF6EAF87153]\n\t(No symbol) [0x00007FF6EAF50421]\n\t(No symbol) [0x00007FF6EAF511B3]\n\tGetHandleVerifier [0x00007FF6EB43D71D+3223453]\n\tGetHandleVerifier [0x00007FF6EB437CC2+3200322]\n\tGetHandleVerifier [0x00007FF6EB455AF3+3322739]\n\tGetHandleVerifier [0x00007FF6EB156A1A+180890]\n\tGetHandleVerifier [0x00007FF6EB15E11F+211359]\n\tGetHandleVerifier [0x00007FF6EB145294+109332]\n\tGetHandleVerifier [0x00007FF6EB145442+109762]\n\tGetHandleVerifier [0x00007FF6EB12BA59+4825]\n\tBaseThreadInitThunk [0x00007FF876F5E8D7+23]\n\tRtlUserThreadStart [0x00007FF878ADC5DC+44]", "trace": "driver = <selenium.webdriver.chrome.webdriver.WebDriver (session=\"b1f326ecc7a25a25d1bd107cbf03dcf1\")>\nlogin_data = [{'email': 'solartech@mailinator.com', 'password': 'Admin@123'}, {'email': 'windtech@mailinator.com', 'password': 'Admin@123'}]\nuser = 0, request = <FixtureRequest for <Function test_login_parallel[0]>>\n\n    @pytest.mark.parametrize(\"user\", range(100))  # Max 100, dynamically filtered\n    def test_login_parallel(driver, login_data, user, request):\n        usercount = int(request.config.getoption(\"--usercount\"))\n    \n        if user >= usercount or user >= len(login_data):\n            pytest.skip(\"Skipping: Exceeds user count or data limit\")\n    \n        creds = login_data[user]\n        print(f\"[User {user + 1}] Logging in with: {creds['email']}\")\n    \n        login_page = LoginPage(driver)\n        login_page.load(\"https://careernavigator.iwnlenergy.com/login\")  # ðŸ” Replace with your URL\n>       login_page.login(creds[\"email\"], creds[\"password\"])\n\ntests\\test_login.py:22: \n_ _ _ _ _ _ _ _ _ _ _ _ _ _ _ _ _ _ _ _ _ _ _ _ _ _ _ _ _ _ _ _ _ _ _ _ _ _ _ _\npages\\login_page.py:16: in login\n    self.driver.find_element(*self.email_input).clear()\n.venv\\Lib\\site-packages\\selenium\\webdriver\\remote\\webdriver.py:917: in find_element\n    return self.execute(Command.FIND_ELEMENT, {\"using\": by, \"value\": value})[\"value\"]\n.venv\\Lib\\site-packages\\selenium\\webdriver\\remote\\webdriver.py:448: in execute\n    self.error_handler.check_response(response)\n_ _ _ _ _ _ _ _ _ _ _ _ _ _ _ _ _ _ _ _ _ _ _ _ _ _ _ _ _ _ _ _ _ _ _ _ _ _ _ _\n\nself = <selenium.webdriver.remote.errorhandler.ErrorHandler object at 0x000002983F8EAE10>\nresponse = {'status': 404, 'value': '{\"value\":{\"error\":\"no such element\",\"message\":\"no such element: Unable to locate element: {\\...EB12BA59+4825]\\\\n\\\\tBaseThreadInitThunk [0x00007FF876F5E8D7+23]\\\\n\\\\tRtlUserThreadStart [0x00007FF878ADC5DC+44]\\\\n\"}}'}\n\n    def check_response(self, response: Dict[str, Any]) -> None:\n        \"\"\"Checks that a JSON response from the WebDriver does not have an\n        error.\n    \n        :Args:\n         - response - The JSON response from the WebDriver server as a dictionary\n           object.\n    \n        :Raises: If the response contains an error message.\n        \"\"\"\n        status = response.get(\"status\", None)\n        if not status or status == ErrorCode.SUCCESS:\n            return\n        value = None\n        message = response.get(\"message\", \"\")\n        screen: str = response.get(\"screen\", \"\")\n        stacktrace = None\n        if isinstance(status, int):\n            value_json = response.get(\"value\", None)\n            if value_json and isinstance(value_json, str):\n                import json\n    \n                try:\n                    value = json.loads(value_json)\n                    if len(value) == 1:\n                        value = value[\"value\"]\n                    status = value.get(\"error\", None)\n                    if not status:\n                        status = value.get(\"status\", ErrorCode.UNKNOWN_ERROR)\n                        message = value.get(\"value\") or value.get(\"message\")\n                        if not isinstance(message, str):\n                            value = message\n                            message = message.get(\"message\")\n                    else:\n                        message = value.get(\"message\", None)\n                except ValueError:\n                    pass\n    \n        exception_class: Type[WebDriverException]\n        e = ErrorCode()\n        error_codes = [item for item in dir(e) if not item.startswith(\"__\")]\n        for error_code in error_codes:\n            error_info = getattr(ErrorCode, error_code)\n            if isinstance(error_info, list) and status in error_info:\n                exception_class = getattr(ExceptionMapping, error_code, WebDriverException)\n                break\n        else:\n            exception_class = WebDriverException\n    \n        if not value:\n            value = response[\"value\"]\n        if isinstance(value, str):\n            raise exception_class(value)\n        if message == \"\" and \"message\" in value:\n            message = value[\"message\"]\n    \n        screen = None  # type: ignore[assignment]\n        if \"screen\" in value:\n            screen = value[\"screen\"]\n    \n        stacktrace = None\n        st_value = value.get(\"stackTrace\") or value.get(\"stacktrace\")\n        if st_value:\n            if isinstance(st_value, str):\n                stacktrace = st_value.split(\"\\n\")\n            else:\n                stacktrace = []\n                try:\n                    for frame in st_value:\n                        line = frame.get(\"lineNumber\", \"\")\n                        file = frame.get(\"fileName\", \"<anonymous>\")\n                        if line:\n                            file = f\"{file}:{line}\"\n                        meth = frame.get(\"methodName\", \"<anonymous>\")\n                        if \"className\" in frame:\n                            meth = f\"{frame['className']}.{meth}\"\n                        msg = \"    at %s (%s)\"\n                        msg = msg % (meth, file)\n                        stacktrace.append(msg)\n                except TypeError:\n                    pass\n        if exception_class == UnexpectedAlertPresentException:\n            alert_text = None\n            if \"data\" in value:\n                alert_text = value[\"data\"].get(\"text\")\n            elif \"alert\" in value:\n                alert_text = value[\"alert\"].get(\"text\")\n            raise exception_class(message, screen, stacktrace, alert_text)  # type: ignore[call-arg]  # mypy is not smart enough here\n>       raise exception_class(message, screen, stacktrace)\nE       selenium.common.exceptions.NoSuchElementException: Message: no such element: Unable to locate element: {\"method\":\"css selector\",\"selector\":\"[id=\"username\"]\"}\nE         (Session info: chrome=136.0.7103.114); For documentation on this error, please visit: https://www.selenium.dev/documentation/webdriver/troubleshooting/errors#no-such-element-exception\nE       Stacktrace:\nE       \tGetHandleVerifier [0x00007FF6EB13CF45+75717]\nE       \tGetHandleVerifier [0x00007FF6EB13CFA0+75808]\nE       \t(No symbol) [0x00007FF6EAF08F9A]\nE       \t(No symbol) [0x00007FF6EAF5F4C6]\nE       \t(No symbol) [0x00007FF6EAF5F77C]\nE       \t(No symbol) [0x00007FF6EAFB2577]\nE       \t(No symbol) [0x00007FF6EAF873BF]\nE       \t(No symbol) [0x00007FF6EAFAF39C]\nE       \t(No symbol) [0x00007FF6EAF87153]\nE       \t(No symbol) [0x00007FF6EAF50421]\nE       \t(No symbol) [0x00007FF6EAF511B3]\nE       \tGetHandleVerifier [0x00007FF6EB43D71D+3223453]\nE       \tGetHandleVerifier [0x00007FF6EB437CC2+3200322]\nE       \tGetHandleVerifier [0x00007FF6EB455AF3+3322739]\nE       \tGetHandleVerifier [0x00007FF6EB156A1A+180890]\nE       \tGetHandleVerifier [0x00007FF6EB15E11F+211359]\nE       \tGetHandleVerifier [0x00007FF6EB145294+109332]\nE       \tGetHandleVerifier [0x00007FF6EB145442+109762]\nE       \tGetHandleVerifier [0x00007FF6EB12BA59+4825]\nE       \tBaseThreadInitThunk [0x00007FF876F5E8D7+23]\nE       \tRtlUserThreadStart [0x00007FF878ADC5DC+44]\n\n.venv\\Lib\\site-packages\\selenium\\webdriver\\remote\\errorhandler.py:232: NoSuchElementException"}, "attachments": [{"name": "stdout", "source": "680c774d-9a1a-40b7-aca6-6f8bdc6afbc7-attachment.txt", "type": "text/plain"}], "parameters": [{"name": "user", "value": "0"}], "start": 1747846555215, "stop": 1747846559865, "uuid": "9592a760-9831-4dbb-bf4e-bb1a082ffc60", "historyId": "2fcdc47c5413da1c284be94ca6046b41", "testCaseId": "bdfc05f17f1e5652113f2962afbf46d2", "fullName": "tests.test_login#test_login_parallel", "labels": [{"name": "parentSuite", "value": "tests"}, {"name": "suite", "value": "test_login"}, {"name": "host", "value": "MAHADEV"}, {"name": "thread", "value": "20484-MainThread"}, {"name": "framework", "value": "pytest"}, {"name": "language", "value": "cpython3"}, {"name": "package", "value": "tests.test_login"}]}